
> nextn@0.1.0 dev
> next dev --turbopack -p 9002

   ▲ Next.js 15.2.3 (Turbopack)
   - Local:        http://localhost:9002
   - Network:      http://192.168.1.5:9002

 ✓ Starting...
 ✓ Ready in 887ms
 ○ Compiling /search ...
 ✓ Compiled /search in 2.1s
 GET /search 200 in 2516ms
 ✓ Compiled /favicon.ico in 311ms
 GET /favicon.ico?favicon.56766c03.ico 200 in 349ms
 ✓ Compiled / in 406ms
 HEAD / 200 in 494ms
 ○ Compiling /phase1 ...
 ✓ Compiled /phase1 in 599ms
 GET /phase1 200 in 631ms
 GET /search 200 in 34ms
 GET /phase1?tab=data-export 200 in 32ms
 GET /phase1?tab=data-share 200 in 35ms
 GET /phase1?tab=data-share 200 in 26ms
 ✓ Compiled in 65ms
 ✓ Compiled in 61ms
 GET /search 200 in 86ms
 GET /phase1 200 in 32ms
 ✓ Compiled in 213ms
 GET /phase1 200 in 322ms
 ✓ Compiled in 26ms
 GET /favicon.ico?favicon.56766c03.ico 200 in 80ms
 GET /search 200 in 85ms
 GET /phase1?tab=data-share 200 in 30ms
 GET /search 200 in 36ms
 GET /phase1?openWizard=true&preselectEntities=organization%2Cproduct%2Csupplier&includeRelationships=false&includeInteractions=false 200 in 26ms
 GET /phase1 200 in 32ms
 GET /phase1 200 in 30ms
 GET /phase1?openWizard=true&step=configureData 200 in 27ms
 GET /search 200 in 31ms
 GET /phase1?openWizard=true&preselectEntities=organization%2Cproduct%2Csupplier&includeRelationships=false&includeInteractions=false 200 in 30ms
 GET /phase1 200 in 32ms
 GET /phase1 200 in 27ms
 GET /search 200 in 27ms
 GET /phase1 200 in 36ms
 GET /phase1?tab=data-export 200 in 30ms
 GET /phase1?tab=data-export 200 in 30ms
 ✓ Compiled in 70ms
 GET /search 200 in 104ms
 GET /phase1?tab=data-export&openWizard=true&step=configure-data&preselectEntities=organizations%2Cproducts%2Csuppliers%2Ccustomers%2Cassets&includeRelationships=true&includeInteractions=false 200 in 29ms
 GET /phase1 200 in 28ms
 GET /phase1 200 in 29ms
 GET /phase1?openWizard=true&step=configureData 200 in 31ms
 GET /phase1?openWizard=true&step=reviewDataset 200 in 31ms
 GET /phase1?openWizard=true&step=configureData 200 in 26ms
 GET /phase1?openWizard=true&step=selectDataTypes 200 in 29ms
 GET /search 200 in 343ms
 GET /favicon.ico?favicon.56766c03.ico 200 in 28ms
 ✓ Compiled in 63ms
 GET /search 200 in 118ms
 ✓ Compiled in 162ms
 GET /search 200 in 415ms
 GET /favicon.ico?favicon.56766c03.ico 200 in 33ms
 GET /phase1?tab=data-export&openWizard=true&step=configure-data&preselectEntities=organizations%2Cproducts%2Csuppliers%2Ccustomers%2Cassets&includeRelationships=true&includeInteractions=false&fileFormat=CSV+Flattened&destination=Direct+download&whenToExport=Export+now 200 in 97ms
 GET /phase1 200 in 38ms
 GET /phase1 200 in 31ms
 GET /phase1?openWizard=true&step=configureData 200 in 31ms
 GET /phase1?tab=data-export 200 in 36ms
 GET /phase1?tab=data-export 200 in 31ms
 ✓ Compiled in 66ms
 GET /search 200 in 106ms
 GET /phase1?tab=data-export&openWizard=true&step=configureData&preselectEntities=organizations%2Cproducts%2Csuppliers%2Ccustomers%2Cassets&includeRelationships=true&includeInteractions=false&fileFormat=CSV+Flattened&destination=Direct+download&whenToExport=Export+now 200 in 48ms
 GET /phase1 200 in 36ms
 GET /phase1 200 in 43ms
 GET /phase1?openWizard=true&step=configureData 200 in 36ms
 ✓ Compiled in 68ms
 GET /search 200 in 108ms
 GET /phase1?tab=data-export&step=configureData&openWizard=true&preselectEntities=organizations%2Cproducts%2Csuppliers%2Ccustomers%2Cassets&includeRelationships=true&includeInteractions=false&fileFormat=CSV+Flattened&destination=Direct+download&whenToExport=Export+now 200 in 29ms
 GET /phase1 200 in 29ms
 GET /phase1 200 in 37ms
 GET /phase1?openWizard=true&step=configureData 200 in 34ms
 GET /search 200 in 39ms
 GET /phase1?tab=data-export&step=configureData&openWizard=true&preselectEntities=organizations%2Cproducts%2Csuppliers%2Ccustomers%2Cassets&includeRelationships=true&includeInteractions=false&fileFormat=CSV+Flattened&destination=Direct+download&whenToExport=Export+now 200 in 33ms
 GET /phase1 200 in 32ms
 GET /phase1 200 in 39ms
 GET /phase1?openWizard=true&step=configureData 200 in 32ms
 ✓ Compiled in 65ms
 GET /search 200 in 103ms
 GET /phase1?tab=data-export&step=configureData&openWizard=true&preselectEntities=organizations%2Cproducts%2Csuppliers%2Ccustomers%2Cassets&includeRelationships=true&includeInteractions=false&fileFormat=CSV+Flattened&destination=Direct+download&whenToExport=Export+now 200 in 33ms
 GET /phase1 200 in 31ms
 GET /phase1 200 in 38ms
 GET /phase1?openWizard=true&step=configureData 200 in 36ms
 GET /search 200 in 30ms
 GET /phase1?tab=data-export&step=configureData&openWizard=true&preselectEntities=organizations%2Cproducts%2Csuppliers%2Ccustomers%2Cassets&includeRelationships=true&includeInteractions=false&fileFormat=CSV+Flattened&destination=Direct+download&whenToExport=Export+now 200 in 30ms
 GET /phase1 200 in 30ms
 GET /phase1 200 in 33ms
 GET /phase1?tab=data-export 200 in 35ms
 GET /phase1?tab=data-export 200 in 31ms
 ✓ Compiled in 159ms
 GET /search 200 in 112ms
 GET /phase1?tab=data-export&step=configureData&openWizard=true&preselectEntities=organizations%2Cproducts%2Csuppliers%2Ccustomers%2Cassets&includeRelationships=true&includeInteractions=false&fileFormat=CSV+Flattened&destination=Direct+download&whenToExport=Export+now 200 in 93ms
 GET /phase1 200 in 31ms
 GET /phase1 200 in 42ms
 GET /phase1 200 in 223ms
 GET /favicon.ico?favicon.56766c03.ico 200 in 61ms
 GET /search 200 in 33ms
 GET /phase1?tab=data-export&step=configureData&openWizard=true&preselectEntities=organizations%2Cproducts%2Csuppliers%2Ccustomers%2Cassets&includeRelationships=true&includeInteractions=false&fileFormat=CSV+Flattened&destination=Direct+download&whenToExport=Export+now 200 in 31ms
 GET /phase1 200 in 31ms
 GET /phase1 200 in 41ms
 ✓ Compiled in 57ms
 GET /search 200 in 32ms
 GET /phase1?tab=data-export&step=configureData&openWizard=true&preselectEntities=organizations%2Cproducts%2Csuppliers%2Ccustomers%2Cassets&includeRelationships=true&includeInteractions=false&fileFormat=CSV+Flattened&destination=Direct+download&whenToExport=Export+now 200 in 109ms
 GET /phase1 200 in 36ms
 GET /phase1 200 in 37ms
 GET /search 200 in 37ms
 ✓ Compiled in 84ms
 ✓ Compiled in 243ms
 ✓ Compiled in 79ms
 GET /search 200 in 476ms
 GET /favicon.ico?favicon.56766c03.ico 200 in 47ms
 GET /phase1?tab=data-export&step=configureData&openWizard=true&preselectEntities=organizations%2Cproducts%2Csuppliers%2Ccustomers%2Cassets&includeRelationships=true&includeInteractions=false&fileFormat=CSV+Flattened&destination=Direct+download&whenToExport=Export+now 200 in 98ms
 GET /phase1 200 in 43ms
 GET /phase1 200 in 37ms
 ✓ Compiled in 88ms
 GET /search 200 in 103ms
 GET /phase1?tab=data-export&step=configureData&openWizard=true&preselectEntities=organizations%2Cproducts%2Csuppliers%2Ccustomers%2Cassets&includeRelationships=true&includeInteractions=false&fileFormat=CSV+Flattened&destination=Direct+download&whenToExport=Export+now 200 in 96ms
 GET /phase1 200 in 46ms
 GET /phase1 200 in 33ms
 GET /phase1?tab=data-export 200 in 49ms
 GET /phase1?tab=data-export 200 in 38ms
 ✓ Compiled in 146ms
 GET /search 200 in 104ms
 GET /phase1?tab=data-export&step=configureData&openWizard=true&preselectEntities=organizations%2Cproducts%2Csuppliers%2Ccustomers%2Cassets&includeRelationships=true&includeInteractions=false&fileFormat=CSV+Flattened&destination=Direct+download&whenToExport=Export+now 200 in 101ms
 GET /phase1 200 in 49ms
 GET /phase1 200 in 35ms
 ✓ Compiled in 104ms
 GET /search 200 in 98ms
 GET /phase1?tab=data-export&step=configureData&openWizard=true&preselectEntities=organizations%2Cproducts%2Csuppliers%2Ccustomers%2Cassets&includeRelationships=true&includeInteractions=false&fileFormat=CSV+Flattened&destination=Direct+download&whenToExport=Export+now 200 in 99ms
 GET /phase1 200 in 44ms
 GET /phase1 200 in 35ms
 GET /search 200 in 35ms
 GET /phase1?tab=data-export&step=configureData&openWizard=true&preselectEntities=organizations%2Cproducts%2Csuppliers%2Ccustomers%2Cassets&includeRelationships=true&includeInteractions=false&fileFormat=CSV+Flattened&destination=Direct+download&whenToExport=Export+now 200 in 32ms
 GET /phase1 200 in 39ms
 GET /phase1 200 in 44ms
 ✓ Compiled in 157ms
 GET /search 200 in 111ms
 GET /phase1?tab=data-export&step=configureData&openWizard=true&preselectEntities=organizations%2Cproducts%2Csuppliers&includeRelationships=true&includeInteractions=false&fileFormat=CSV+Flattened&destination=Direct+download&whenToExport=Export+now 200 in 36ms
 GET /phase1 200 in 45ms
 GET /phase1 200 in 63ms
 GET /search 200 in 32ms
 GET /search 200 in 348ms
 GET /favicon.ico?favicon.56766c03.ico 200 in 55ms
 GET /phase1?tab=data-export&step=configureData&openWizard=true&preselectEntities=organizations%2Cproducts%2Csuppliers&includeRelationships=true&includeInteractions=true&fileFormat=CSV+Flattened&destination=Direct+download&whenToExport=Export+now 200 in 32ms
 GET /phase1 200 in 39ms
 GET /phase1 200 in 45ms
 ✓ Compiled in 62ms
 GET /search 200 in 104ms
 GET /phase1?tab=data-export&step=configureData&openWizard=true&preselectEntities=organizations%2Cproducts%2Csuppliers&includeRelationships=true&includeInteractions=false&fileFormat=CSV+Flattened&destination=Direct+download&whenToExport=Export+now 200 in 37ms
 GET /phase1 200 in 41ms
 GET /phase1 200 in 46ms
 GET /search 200 in 39ms
 GET /phase1?tab=data-export&step=configureData&openWizard=true&preselectEntities=organizations%2Cproducts%2Csuppliers&includeRelationships=true&includeInteractions=false&fileFormat=CSV+Flattened&destination=Direct+download&whenToExport=Export+now 200 in 43ms
 GET /phase1 200 in 49ms
 GET /phase1 200 in 43ms
 GET /phase1?tab=data-export 200 in 42ms
 GET /phase1?tab=data-export 200 in 42ms
 ✓ Compiled in 104ms
 GET /search 200 in 105ms
 GET /phase1?tab=data-export&step=configureData&openWizard=true&preselectEntities=organizations%2Cproducts%2Csuppliers&includeRelationships=true&includeInteractions=false&fileFormat=CSV+Flattened&destination=Direct+download&whenToExport=Export+now 200 in 100ms
 GET /phase1 200 in 44ms
 GET /phase1 200 in 36ms
 GET /phase1?openWizard=true&step=configureData 200 in 37ms
 GET /phase1 200 in 39ms
 GET /phase1?openWizard=true&step=configureData 200 in 36ms
 GET /phase1 200 in 37ms
 GET /phase1?openWizard=true&step=configureData 200 in 37ms
 GET /phase1 200 in 35ms
 GET /phase1?openWizard=true&step=configureData 200 in 37ms
 GET /phase1 200 in 39ms
 GET /phase1?openWizard=true&step=configureData 200 in 34ms
 GET /phase1?openWizard=true&step=reviewDataset 200 in 40ms
 GET /phase1 200 in 32ms
 GET /phase1 200 in 32ms
 GET /phase1?tab=data-export 200 in 37ms
 GET /phase1?tab=data-export 200 in 32ms
 ✓ Compiled in 110ms
 GET /search 200 in 113ms
 GET /phase1?tab=data-export&step=configureData&openWizard=true&preselectEntities=organizations%2Cproducts%2Csuppliers&includeRelationships=true&includeInteractions=false&fileFormat=CSV+Flattened&destination=Direct+download&whenToExport=Export+now 200 in 95ms
 GET /phase1 200 in 51ms
 GET /phase1 200 in 37ms
 GET /phase1?openWizard=true&step=configureData 200 in 50ms
 GET /phase1 200 in 38ms
 GET /phase1?openWizard=true&step=configureData 200 in 77ms
 GET /phase1 200 in 39ms
 GET /phase1?openWizard=true&step=configureData 200 in 73ms
 GET /phase1 200 in 35ms
 GET /phase1?openWizard=true&step=configureData 200 in 38ms
 GET /phase1 200 in 35ms
 GET /phase1?openWizard=true&step=configureData 200 in 54ms
 GET /phase1 200 in 37ms
 ✓ Compiled in 209ms
 GET /phase1 200 in 308ms
 GET /favicon.ico?favicon.56766c03.ico 200 in 96ms
 GET /phase1?openWizard=true&step=configureData 200 in 40ms
 GET /phase1 200 in 33ms
 GET /phase1?openWizard=true&step=configureData 200 in 40ms
 GET /phase1 200 in 41ms
 GET /phase1?openWizard=true&step=configureData 200 in 36ms
 GET /phase1 200 in 35ms
 GET /phase1?openWizard=true&step=configureData 200 in 36ms
 GET /phase1 200 in 40ms
 GET /search 200 in 42ms
 GET /phase1?openWizard=true&preselectEntities=organization%2Cproduct%2Csupplier&includeRelationships=false&includeInteractions=false 200 in 34ms
 GET /phase1 200 in 46ms
 GET /phase1 200 in 47ms
 GET /phase1?openWizard=true&step=configureData 200 in 37ms
 GET /phase1 200 in 32ms
 GET /search 200 in 42ms
 GET /phase1?tab=data-export&step=configureData&openWizard=true&preselectEntities=organizations%2Cproducts%2Csuppliers&includeRelationships=true&includeInteractions=false&fileFormat=CSV+Flattened&destination=Direct+download&whenToExport=Export+now 200 in 52ms
 GET /phase1 200 in 62ms
 GET /phase1 200 in 59ms
 ✓ Compiled in 85ms
 GET /search 200 in 47ms
 GET / 200 in 40ms
 GET /phase1 200 in 101ms
 GET /phase1?openWizard=true&step=configureData 200 in 36ms
 GET /phase1 200 in 39ms
 GET /phase1?openWizard=true&step=reviewDataset 200 in 38ms
 GET /phase1 200 in 33ms
 GET /phase1?openWizard=true&step=configureData 200 in 39ms
 GET /phase1 200 in 35ms
 GET /phase1?tab=data-export 200 in 39ms
 GET /phase1?tab=data-export 200 in 36ms
 GET /search 200 in 46ms
 GET /phase1?openWizard=true&preselectEntities=organization%2Cproduct%2Csupplier&includeRelationships=false&includeInteractions=false 200 in 51ms
 GET /phase1 200 in 72ms
 GET /phase1 200 in 38ms
 GET /phase1?openWizard=true&step=configureData 200 in 47ms
 GET /phase1 200 in 44ms
 ✓ Compiled in 120ms
 ✓ Compiled in 75ms
 GET /phase1?openWizard=true&step=configureData 200 in 121ms
 GET /phase1 200 in 36ms
 GET /phase1?openWizard=true&step=reviewDataset 200 in 38ms
 GET /phase1 200 in 34ms
 GET /phase1?openWizard=true&step=configureData 200 in 40ms
 GET /phase1 200 in 38ms
 GET /phase1?openWizard=true&step=reviewDataset 200 in 38ms
 GET /phase1 200 in 31ms
 GET /phase1?openWizard=true&step=configureData 200 in 40ms
 GET /phase1 200 in 35ms
 GET /phase1?tab=data-export 200 in 38ms
 GET /phase1?tab=data-export 200 in 36ms
 GET /search 200 in 110ms
 GET /phase1?openWizard=true&preselectEntities=organization%2Cproduct%2Csupplier&includeRelationships=false&includeInteractions=false 200 in 72ms
 GET /phase1 200 in 37ms
 GET /phase1 200 in 36ms
 GET /phase1?openWizard=true&step=configureData 200 in 54ms
 GET /phase1 200 in 40ms
 ✓ Compiled in 94ms
 ✓ Compiled in 59ms
 ✓ Compiled in 141ms
 ✓ Compiled in 96ms
 ⚠ Fast Refresh had to perform a full reload due to a runtime error.
 ✓ Compiled in 60ms
 GET /phase1 200 in 303ms
 GET /favicon.ico?favicon.56766c03.ico 200 in 70ms
 ✓ Compiled in 78ms
 GET /search 200 in 108ms
 ✓ Compiled in 153ms
 GET /phase1?tab=data-share&step=configureData&openWizard=true&preselectEntities=organizations%2Cproducts%2Csuppliers&includeRelationships=false&includeInteractions=false&datasetName=Organizations%2C+suppliers+and+products+data+share&description=&target=fabric_sales 200 in 122ms
 GET /phase1 200 in 44ms
 GET /phase1 200 in 51ms
 GET /search 200 in 36ms
 GET /phase1?tab=data-share&step=configureData&openWizard=true&preselectEntities=organizations%2Cproducts%2Csuppliers&includeRelationships=false&includeInteractions=false&datasetName=Organizations%2C+suppliers+and+products+data+share&description=&target=fabric_sales 200 in 36ms
 GET /phase1 200 in 34ms
 GET /phase1 200 in 44ms
 GET /phase1?openWizard=true&step=configureData 200 in 82ms
 ✓ Compiled in 64ms
 GET /phase1?openWizard=true&step=reviewDataset 200 in 110ms
 GET /search 200 in 44ms
 GET /phase1?tab=data-share&step=configureData&openWizard=true&preselectEntities=organizations%2Cproducts%2Csuppliers&includeRelationships=false&includeInteractions=false&datasetName=Organizations%2C+suppliers+and+products+data+share&description=&target=fabric_sales 200 in 35ms
 GET /phase1 200 in 38ms
 GET /phase1 200 in 54ms
 ✓ Compiled in 82ms
 GET /search 200 in 43ms
 GET /phase1?tab=data-share&step=configureData&openWizard=true&preselectEntities=organizations%2Cproducts%2Csuppliers&includeRelationships=false&includeInteractions=false&datasetName=Organizations%2C+suppliers+and+products+data+share&description=&target=fabric_sales 200 in 114ms
 GET /phase1 200 in 35ms
 GET /phase1 200 in 45ms
 GET /phase1 200 in 49ms
 GET /phase1?openWizard=true&step=configureData 200 in 41ms
 GET /phase1?openWizard=true&step=configureData 200 in 35ms
 GET /search 200 in 37ms
 GET /phase1?tab=data-share&step=configureData&openWizard=true&preselectEntities=organizations%2Cproducts%2Csuppliers&includeRelationships=false&includeInteractions=false&datasetName=Organizations%2C+suppliers+and+products+data+share&description=&target=fabric_sales 200 in 42ms
 GET /phase1 200 in 67ms
 GET /phase1 200 in 49ms
 GET /phase1 200 in 36ms
 GET /phase1?openWizard=true&step=configureData 200 in 55ms
 GET /phase1?openWizard=true&step=configureData 200 in 44ms
 GET /phase1?openWizard=true&step=selectDataTypes 200 in 36ms
 GET /phase1 200 in 35ms
 GET /phase1?openWizard=true&step=configureData 200 in 36ms
 GET /phase1?openWizard=true&step=configureData 200 in 40ms
 GET /phase1?openWizard=true&step=configureData 200 in 44ms
 GET /phase1?openWizard=true&step=reviewDataset 200 in 52ms
 GET /phase1?openWizard=true&step=configureData 200 in 35ms
 GET /phase1?openWizard=true&step=configureData 200 in 39ms
